<?xml version="1.0" encoding="UTF-8"?>
<coverage generated="1759666112260" clover="3.2.0">
  <project timestamp="1759666112261" name="All files">
    <metrics statements="187" coveredstatements="138" conditionals="107" coveredconditionals="65" methods="66" coveredmethods="46" elements="360" coveredelements="249" complexity="0" loc="187" ncloc="187" packages="6" files="16" classes="16"/>
    <package name="frontend">
      <metrics statements="1" coveredstatements="1" conditionals="0" coveredconditionals="0" methods="0" coveredmethods="0"/>
      <file name="filemock.js" path="C:\Users\Hoang\Desktop\Uni\Semester 5\Web Dev\Project\Task-Manager\frontend\filemock.js">
        <metrics statements="1" coveredstatements="1" conditionals="0" coveredconditionals="0" methods="0" coveredmethods="0"/>
        <line num="1" count="1" type="stmt"/>
      </file>
    </package>
    <package name="frontend.src.api">
      <metrics statements="39" coveredstatements="24" conditionals="8" coveredconditionals="3" methods="20" coveredmethods="13"/>
      <file name="auth.js" path="C:\Users\Hoang\Desktop\Uni\Semester 5\Web Dev\Project\Task-Manager\frontend\src\api\auth.js">
        <metrics statements="19" coveredstatements="6" conditionals="2" coveredconditionals="0" methods="6" coveredmethods="0"/>
        <line num="4" count="1" type="stmt"/>
        <line num="8" count="1" type="stmt"/>
        <line num="9" count="0" type="stmt"/>
        <line num="10" count="0" type="cond" truecount="0" falsecount="2"/>
        <line num="11" count="0" type="stmt"/>
        <line num="13" count="0" type="stmt"/>
        <line num="14" count="0" type="stmt"/>
        <line num="16" count="1" type="stmt"/>
        <line num="18" count="0" type="stmt"/>
        <line num="19" count="0" type="stmt"/>
        <line num="20" count="0" type="stmt"/>
        <line num="21" count="0" type="stmt"/>
        <line num="23" count="0" type="stmt"/>
        <line num="24" count="0" type="stmt"/>
        <line num="27" count="1" type="stmt"/>
        <line num="29" count="0" type="stmt"/>
        <line num="30" count="0" type="stmt"/>
        <line num="32" count="1" type="stmt"/>
        <line num="34" count="1" type="stmt"/>
      </file>
      <file name="client.js" path="C:\Users\Hoang\Desktop\Uni\Semester 5\Web Dev\Project\Task-Manager\frontend\src\api\client.js">
        <metrics statements="8" coveredstatements="6" conditionals="2" coveredconditionals="1" methods="2" coveredmethods="1"/>
        <line num="3" count="10" type="stmt"/>
        <line num="4" count="10" type="stmt"/>
        <line num="11" count="10" type="stmt"/>
        <line num="12" count="1" type="stmt"/>
        <line num="13" count="1" type="cond" truecount="1" falsecount="1"/>
        <line num="14" count="0" type="stmt"/>
        <line num="16" count="1" type="stmt"/>
        <line num="17" count="0" type="stmt"/>
      </file>
      <file name="projects.js" path="C:\Users\Hoang\Desktop\Uni\Semester 5\Web Dev\Project\Task-Manager\frontend\src\api\projects.js">
        <metrics statements="5" coveredstatements="5" conditionals="2" coveredconditionals="1" methods="5" coveredmethods="5"/>
        <line num="3" count="5" type="cond" truecount="1" falsecount="1"/>
        <line num="4" count="5" type="stmt"/>
        <line num="5" count="5" type="stmt"/>
        <line num="6" count="5" type="stmt"/>
        <line num="7" count="5" type="stmt"/>
      </file>
      <file name="tasks.js" path="C:\Users\Hoang\Desktop\Uni\Semester 5\Web Dev\Project\Task-Manager\frontend\src\api\tasks.js">
        <metrics statements="7" coveredstatements="7" conditionals="2" coveredconditionals="1" methods="7" coveredmethods="7"/>
        <line num="3" count="6" type="cond" truecount="1" falsecount="1"/>
        <line num="4" count="6" type="stmt"/>
        <line num="5" count="6" type="stmt"/>
        <line num="6" count="6" type="stmt"/>
        <line num="7" count="6" type="stmt"/>
        <line num="8" count="6" type="stmt"/>
        <line num="9" count="6" type="stmt"/>
      </file>
    </package>
    <package name="frontend.src.components">
      <metrics statements="39" coveredstatements="32" conditionals="37" coveredconditionals="29" methods="14" coveredmethods="12"/>
      <file name="Button.jsx" path="C:\Users\Hoang\Desktop\Uni\Semester 5\Web Dev\Project\Task-Manager\frontend\src\components\Button.jsx">
        <metrics statements="1" coveredstatements="1" conditionals="1" coveredconditionals="1" methods="1" coveredmethods="1"/>
        <line num="3" count="21" type="stmt"/>
      </file>
      <file name="FormModal.jsx" path="C:\Users\Hoang\Desktop\Uni\Semester 5\Web Dev\Project\Task-Manager\frontend\src\components\FormModal.jsx">
        <metrics statements="2" coveredstatements="2" conditionals="6" coveredconditionals="5" methods="1" coveredmethods="1"/>
        <line num="5" count="10" type="stmt"/>
        <line num="6" count="10" type="stmt"/>
      </file>
      <file name="Input.jsx" path="C:\Users\Hoang\Desktop\Uni\Semester 5\Web Dev\Project\Task-Manager\frontend\src\components\Input.jsx">
        <metrics statements="2" coveredstatements="2" conditionals="5" coveredconditionals="4" methods="1" coveredmethods="1"/>
        <line num="2" count="6" type="stmt"/>
        <line num="5" count="40" type="stmt"/>
      </file>
      <file name="ProtectedRoute.jsx" path="C:\Users\Hoang\Desktop\Uni\Semester 5\Web Dev\Project\Task-Manager\frontend\src\components\ProtectedRoute.jsx">
        <metrics statements="13" coveredstatements="8" conditionals="12" coveredconditionals="8" methods="1" coveredmethods="1"/>
        <line num="6" count="2" type="stmt"/>
        <line num="8" count="2" type="cond" truecount="2" falsecount="0"/>
        <line num="9" count="1" type="cond" truecount="3" falsecount="1"/>
        <line num="11" count="1" type="stmt"/>
        <line num="12" count="1" type="stmt"/>
        <line num="13" count="1" type="cond" truecount="2" falsecount="2"/>
        <line num="14" count="0" type="stmt"/>
        <line num="15" count="0" type="stmt"/>
        <line num="16" count="0" type="stmt"/>
        <line num="17" count="0" type="stmt"/>
        <line num="19" count="1" type="cond" truecount="1" falsecount="1"/>
        <line num="23" count="0" type="stmt"/>
        <line num="26" count="1" type="stmt"/>
      </file>
      <file name="Sidebar.jsx" path="C:\Users\Hoang\Desktop\Uni\Semester 5\Web Dev\Project\Task-Manager\frontend\src\components\Sidebar.jsx">
        <metrics statements="16" coveredstatements="14" conditionals="9" coveredconditionals="8" methods="8" coveredmethods="6"/>
        <line num="7" count="3" type="stmt"/>
        <line num="8" count="3" type="stmt"/>
        <line num="9" count="3" type="stmt"/>
        <line num="10" count="3" type="stmt"/>
        <line num="13" count="1" type="stmt"/>
        <line num="14" count="1" type="stmt"/>
        <line num="15" count="1" type="stmt"/>
        <line num="16" count="1" type="stmt"/>
        <line num="19" count="0" type="stmt"/>
        <line num="22" count="1" type="stmt"/>
        <line num="26" count="3" type="stmt"/>
        <line num="27" count="4" type="stmt"/>
        <line num="29" count="3" type="stmt"/>
        <line num="32" count="0" type="stmt"/>
        <line num="43" count="1" type="stmt"/>
        <line num="49" count="4" type="cond" truecount="2" falsecount="0"/>
      </file>
      <file name="TopNav.jsx" path="C:\Users\Hoang\Desktop\Uni\Semester 5\Web Dev\Project\Task-Manager\frontend\src\components\TopNav.jsx">
        <metrics statements="5" coveredstatements="5" conditionals="4" coveredconditionals="3" methods="2" coveredmethods="2"/>
        <line num="8" count="4" type="stmt"/>
        <line num="10" count="4" type="stmt"/>
        <line num="11" count="4" type="cond" truecount="1" falsecount="1"/>
        <line num="12" count="4" type="stmt"/>
        <line num="15" count="4" type="stmt"/>
      </file>
    </package>
    <package name="frontend.src.components.project_components">
      <metrics statements="44" coveredstatements="31" conditionals="20" coveredconditionals="11" methods="13" coveredmethods="7"/>
      <file name="ProjectFormModal.jsx" path="C:\Users\Hoang\Desktop\Uni\Semester 5\Web Dev\Project\Task-Manager\frontend\src\components\project_components\ProjectFormModal.jsx">
        <metrics statements="15" coveredstatements="13" conditionals="9" coveredconditionals="6" methods="4" coveredmethods="3"/>
        <line num="9" count="4" type="cond" truecount="2" falsecount="0"/>
        <line num="10" count="4" type="cond" truecount="2" falsecount="0"/>
        <line num="11" count="4" type="stmt"/>
        <line num="15" count="2" type="stmt"/>
        <line num="16" count="2" type="stmt"/>
        <line num="17" count="2" type="stmt"/>
        <line num="18" count="2" type="cond" truecount="2" falsecount="0"/>
        <line num="19" count="1" type="stmt"/>
        <line num="22" count="1" type="stmt"/>
        <line num="24" count="2" type="stmt"/>
        <line num="25" count="2" type="stmt"/>
        <line num="28" count="0" type="cond" truecount="0" falsecount="3"/>
        <line num="32" count="4" type="stmt"/>
        <line num="37" count="1" type="stmt"/>
        <line num="38" count="0" type="stmt"/>
      </file>
      <file name="ProjectView.jsx" path="C:\Users\Hoang\Desktop\Uni\Semester 5\Web Dev\Project\Task-Manager\frontend\src\components\project_components\ProjectView.jsx">
        <metrics statements="29" coveredstatements="18" conditionals="11" coveredconditionals="5" methods="9" coveredmethods="4"/>
        <line num="12" count="6" type="stmt"/>
        <line num="13" count="6" type="stmt"/>
        <line num="14" count="6" type="stmt"/>
        <line num="15" count="6" type="stmt"/>
        <line num="16" count="6" type="stmt"/>
        <line num="17" count="6" type="stmt"/>
        <line num="19" count="6" type="stmt"/>
        <line num="21" count="2" type="stmt"/>
        <line num="24" count="2" type="stmt"/>
        <line num="25" count="2" type="stmt"/>
        <line num="26" count="2" type="stmt"/>
        <line num="27" count="2" type="stmt"/>
        <line num="31" count="0" type="stmt"/>
        <line num="35" count="2" type="stmt"/>
        <line num="38" count="2" type="stmt"/>
        <line num="43" count="0" type="cond" truecount="0" falsecount="2"/>
        <line num="44" count="0" type="stmt"/>
        <line num="45" count="0" type="stmt"/>
        <line num="46" count="0" type="stmt"/>
        <line num="47" count="0" type="stmt"/>
        <line num="48" count="0" type="stmt"/>
        <line num="52" count="0" type="cond" truecount="0" falsecount="3"/>
        <line num="55" count="6" type="cond" truecount="4" falsecount="0"/>
        <line num="56" count="4" type="stmt"/>
        <line num="57" count="2" type="stmt"/>
        <line num="72" count="1" type="stmt"/>
        <line num="76" count="0" type="stmt"/>
        <line num="78" count="0" type="stmt"/>
        <line num="79" count="0" type="stmt"/>
      </file>
    </package>
    <package name="frontend.src.components.task_components">
      <metrics statements="41" coveredstatements="32" conditionals="27" coveredconditionals="15" methods="14" coveredmethods="10"/>
      <file name="TaskFormModal.jsx" path="C:\Users\Hoang\Desktop\Uni\Semester 5\Web Dev\Project\Task-Manager\frontend\src\components\task_components\TaskFormModal.jsx">
        <metrics statements="22" coveredstatements="16" conditionals="13" coveredconditionals="9" methods="6" coveredmethods="3"/>
        <line num="9" count="7" type="cond" truecount="2" falsecount="0"/>
        <line num="10" count="7" type="cond" truecount="2" falsecount="0"/>
        <line num="11" count="7" type="cond" truecount="2" falsecount="0"/>
        <line num="12" count="7" type="stmt"/>
        <line num="13" count="7" type="stmt"/>
        <line num="16" count="3" type="stmt"/>
        <line num="17" count="3" type="stmt"/>
        <line num="18" count="3" type="cond" truecount="1" falsecount="1"/>
        <line num="19" count="0" type="stmt"/>
        <line num="20" count="0" type="stmt"/>
        <line num="23" count="3" type="stmt"/>
        <line num="24" count="3" type="cond" truecount="2" falsecount="0"/>
        <line num="25" count="1" type="stmt"/>
        <line num="28" count="2" type="stmt"/>
        <line num="30" count="3" type="stmt"/>
        <line num="31" count="3" type="stmt"/>
        <line num="33" count="0" type="cond" truecount="0" falsecount="3"/>
        <line num="37" count="7" type="stmt"/>
        <line num="42" count="2" type="stmt"/>
        <line num="43" count="0" type="stmt"/>
        <line num="44" count="0" type="stmt"/>
        <line num="45" count="0" type="stmt"/>
      </file>
      <file name="TaskList.jsx" path="C:\Users\Hoang\Desktop\Uni\Semester 5\Web Dev\Project\Task-Manager\frontend\src\components\task_components\TaskList.jsx">
        <metrics statements="19" coveredstatements="16" conditionals="14" coveredconditionals="6" methods="8" coveredmethods="7"/>
        <line num="7" count="12" type="stmt"/>
        <line num="8" count="12" type="stmt"/>
        <line num="9" count="12" type="stmt"/>
        <line num="13" count="5" type="stmt"/>
        <line num="14" count="5" type="stmt"/>
        <line num="15" count="5" type="stmt"/>
        <line num="16" count="4" type="stmt"/>
        <line num="20" count="0" type="cond" truecount="0" falsecount="3"/>
        <line num="24" count="4" type="stmt"/>
        <line num="29" count="3" type="stmt"/>
        <line num="30" count="3" type="stmt"/>
        <line num="31" count="3" type="stmt"/>
        <line num="35" count="0" type="cond" truecount="0" falsecount="3"/>
        <line num="39" count="12" type="stmt"/>
        <line num="40" count="12" type="stmt"/>
        <line num="41" count="12" type="stmt"/>
        <line num="51" count="0" type="stmt"/>
        <line num="56" count="3" type="cond" truecount="1" falsecount="1"/>
        <line num="61" count="3" type="cond" truecount="1" falsecount="1"/>
      </file>
    </package>
    <package name="frontend.src.pages">
      <metrics statements="23" coveredstatements="18" conditionals="15" coveredconditionals="7" methods="5" coveredmethods="4"/>
      <file name="LoginPage.jsx" path="C:\Users\Hoang\Desktop\Uni\Semester 5\Web Dev\Project\Task-Manager\frontend\src\pages\LoginPage.jsx">
        <metrics statements="23" coveredstatements="18" conditionals="15" coveredconditionals="7" methods="5" coveredmethods="4"/>
        <line num="9" count="9" type="stmt"/>
        <line num="13" count="9" type="stmt"/>
        <line num="14" count="9" type="stmt"/>
        <line num="18" count="2" type="stmt"/>
        <line num="19" count="2" type="stmt"/>
        <line num="20" count="2" type="cond" truecount="3" falsecount="1"/>
        <line num="22" count="0" type="stmt"/>
        <line num="23" count="0" type="stmt"/>
        <line num="25" count="2" type="stmt"/>
        <line num="26" count="2" type="stmt"/>
        <line num="27" count="1" type="stmt"/>
        <line num="28" count="1" type="cond" truecount="1" falsecount="1"/>
        <line num="29" count="1" type="stmt"/>
        <line num="30" count="1" type="stmt"/>
        <line num="31" count="1" type="stmt"/>
        <line num="32" count="0" type="cond" truecount="0" falsecount="2"/>
        <line num="33" count="0" type="cond" truecount="0" falsecount="2"/>
        <line num="37" count="1" type="stmt"/>
        <line num="40" count="1" type="cond" truecount="1" falsecount="2"/>
        <line num="44" count="9" type="stmt"/>
        <line num="52" count="2" type="stmt"/>
        <line num="53" count="2" type="stmt"/>
        <line num="58" count="0" type="stmt"/>
      </file>
    </package>
  </project>
</coverage>
