{"C:\\Users\\Hoang\\Desktop\\Uni\\Semester 5\\Web Dev\\Project\\Task-Manager\\frontend\\filemock.js": {"path":"C:\\Users\\Hoang\\Desktop\\Uni\\Semester 5\\Web Dev\\Project\\Task-Manager\\frontend\\filemock.js","statementMap":{"0":{"start":{"line":1,"column":0},"end":{"line":1,"column":30}}},"fnMap":{},"branchMap":{},"s":{"0":1},"f":{},"b":{},"_coverageSchema":"1a1c01bbd47fc00a2c39e90264f33305004495a9","hash":"5d059f5400c6f196288194cd74442409688553ec"}
,"C:\\Users\\Hoang\\Desktop\\Uni\\Semester 5\\Web Dev\\Project\\Task-Manager\\frontend\\src\\api\\auth.js": {"path":"C:\\Users\\Hoang\\Desktop\\Uni\\Semester 5\\Web Dev\\Project\\Task-Manager\\frontend\\src\\api\\auth.js","statementMap":{"0":{"start":{"line":4,"column":20},"end":{"line":7,"column":2}},"1":{"start":{"line":8,"column":0},"end":{"line":14,"column":41}},"2":{"start":{"line":9,"column":18},"end":{"line":9,"column":47}},"3":{"start":{"line":10,"column":4},"end":{"line":12,"column":5}},"4":{"start":{"line":11,"column":8},"end":{"line":11,"column":57}},"5":{"start":{"line":13,"column":4},"end":{"line":13,"column":18}},"6":{"start":{"line":14,"column":16},"end":{"line":14,"column":37}},"7":{"start":{"line":16,"column":21},"end":{"line":25,"column":1}},"8":{"start":{"line":18,"column":19},"end":{"line":18,"column":40}},"9":{"start":{"line":19,"column":4},"end":{"line":19,"column":40}},"10":{"start":{"line":20,"column":4},"end":{"line":20,"column":40}},"11":{"start":{"line":21,"column":4},"end":{"line":21,"column":44}},"12":{"start":{"line":23,"column":21},"end":{"line":23,"column":77}},"13":{"start":{"line":24,"column":4},"end":{"line":24,"column":25}},"14":{"start":{"line":27,"column":24},"end":{"line":31,"column":1}},"15":{"start":{"line":29,"column":21},"end":{"line":29,"column":65}},"16":{"start":{"line":30,"column":4},"end":{"line":30,"column":25}},"17":{"start":{"line":32,"column":28},"end":{"line":32,"column":101}},"18":{"start":{"line":32,"column":45},"end":{"line":32,"column":101}},"19":{"start":{"line":34,"column":28},"end":{"line":34,"column":139}},"20":{"start":{"line":34,"column":58},"end":{"line":34,"column":139}}},"fnMap":{"0":{"name":"(anonymous_0)","decl":{"start":{"line":8,"column":37},"end":{"line":8,"column":38}},"loc":{"start":{"line":8,"column":49},"end":{"line":14,"column":1}},"line":8},"1":{"name":"(anonymous_1)","decl":{"start":{"line":14,"column":3},"end":{"line":14,"column":4}},"loc":{"start":{"line":14,"column":14},"end":{"line":14,"column":39}},"line":14},"2":{"name":"(anonymous_2)","decl":{"start":{"line":16,"column":21},"end":{"line":16,"column":22}},"loc":{"start":{"line":17,"column":0},"end":{"line":25,"column":1}},"line":17},"3":{"name":"(anonymous_3)","decl":{"start":{"line":27,"column":24},"end":{"line":27,"column":25}},"loc":{"start":{"line":28,"column":0},"end":{"line":31,"column":1}},"line":28},"4":{"name":"(anonymous_4)","decl":{"start":{"line":32,"column":28},"end":{"line":32,"column":29}},"loc":{"start":{"line":32,"column":45},"end":{"line":32,"column":101}},"line":32},"5":{"name":"(anonymous_5)","decl":{"start":{"line":34,"column":28},"end":{"line":34,"column":29}},"loc":{"start":{"line":34,"column":58},"end":{"line":34,"column":139}},"line":34}},"branchMap":{"0":{"loc":{"start":{"line":10,"column":4},"end":{"line":12,"column":5}},"type":"if","locations":[{"start":{"line":10,"column":4},"end":{"line":12,"column":5}},{"start":{},"end":{}}],"line":10}},"s":{"0":1,"1":1,"2":0,"3":0,"4":0,"5":0,"6":0,"7":1,"8":0,"9":0,"10":0,"11":0,"12":0,"13":0,"14":1,"15":0,"16":0,"17":1,"18":0,"19":1,"20":0},"f":{"0":0,"1":0,"2":0,"3":0,"4":0,"5":0},"b":{"0":[0,0]},"_coverageSchema":"1a1c01bbd47fc00a2c39e90264f33305004495a9","hash":"4f0998ca6d4b869d9626a3860a5f838249a5ab3b"}
,"C:\\Users\\Hoang\\Desktop\\Uni\\Semester 5\\Web Dev\\Project\\Task-Manager\\frontend\\src\\api\\client.js": {"path":"C:\\Users\\Hoang\\Desktop\\Uni\\Semester 5\\Web Dev\\Project\\Task-Manager\\frontend\\src\\api\\client.js","statementMap":{"0":{"start":{"line":3,"column":16},"end":{"line":3,"column":22}},"1":{"start":{"line":4,"column":15},"end":{"line":9,"column":2}},"2":{"start":{"line":11,"column":0},"end":{"line":17,"column":41}},"3":{"start":{"line":12,"column":18},"end":{"line":12,"column":47}},"4":{"start":{"line":13,"column":4},"end":{"line":15,"column":5}},"5":{"start":{"line":14,"column":8},"end":{"line":14,"column":57}},"6":{"start":{"line":16,"column":4},"end":{"line":16,"column":18}},"7":{"start":{"line":17,"column":16},"end":{"line":17,"column":37}}},"fnMap":{"0":{"name":"(anonymous_0)","decl":{"start":{"line":11,"column":32},"end":{"line":11,"column":33}},"loc":{"start":{"line":11,"column":44},"end":{"line":17,"column":1}},"line":11},"1":{"name":"(anonymous_1)","decl":{"start":{"line":17,"column":3},"end":{"line":17,"column":4}},"loc":{"start":{"line":17,"column":14},"end":{"line":17,"column":39}},"line":17}},"branchMap":{"0":{"loc":{"start":{"line":13,"column":4},"end":{"line":15,"column":5}},"type":"if","locations":[{"start":{"line":13,"column":4},"end":{"line":15,"column":5}},{"start":{},"end":{}}],"line":13}},"s":{"0":10,"1":10,"2":10,"3":1,"4":1,"5":0,"6":1,"7":0},"f":{"0":1,"1":0},"b":{"0":[0,1]},"_coverageSchema":"1a1c01bbd47fc00a2c39e90264f33305004495a9","hash":"86307a37a2b6193fc3e1e0685751dba670f82e27"}
,"C:\\Users\\Hoang\\Desktop\\Uni\\Semester 5\\Web Dev\\Project\\Task-Manager\\frontend\\src\\api\\projects.js": {"path":"C:\\Users\\Hoang\\Desktop\\Uni\\Semester 5\\Web Dev\\Project\\Task-Manager\\frontend\\src\\api\\projects.js","statementMap":{"0":{"start":{"line":3,"column":27},"end":{"line":3,"column":90}},"1":{"start":{"line":3,"column":39},"end":{"line":3,"column":90}},"2":{"start":{"line":4,"column":26},"end":{"line":4,"column":81}},"3":{"start":{"line":4,"column":39},"end":{"line":4,"column":81}},"4":{"start":{"line":5,"column":29},"end":{"line":5,"column":94}},"5":{"start":{"line":5,"column":48},"end":{"line":5,"column":94}},"6":{"start":{"line":6,"column":27},"end":{"line":6,"column":101}},"7":{"start":{"line":6,"column":50},"end":{"line":6,"column":101}},"8":{"start":{"line":7,"column":29},"end":{"line":7,"column":88}},"9":{"start":{"line":7,"column":43},"end":{"line":7,"column":88}}},"fnMap":{"0":{"name":"(anonymous_0)","decl":{"start":{"line":3,"column":27},"end":{"line":3,"column":28}},"loc":{"start":{"line":3,"column":39},"end":{"line":3,"column":90}},"line":3},"1":{"name":"(anonymous_1)","decl":{"start":{"line":4,"column":26},"end":{"line":4,"column":27}},"loc":{"start":{"line":4,"column":39},"end":{"line":4,"column":81}},"line":4},"2":{"name":"(anonymous_2)","decl":{"start":{"line":5,"column":29},"end":{"line":5,"column":30}},"loc":{"start":{"line":5,"column":48},"end":{"line":5,"column":94}},"line":5},"3":{"name":"(anonymous_3)","decl":{"start":{"line":6,"column":27},"end":{"line":6,"column":28}},"loc":{"start":{"line":6,"column":50},"end":{"line":6,"column":101}},"line":6},"4":{"name":"(anonymous_4)","decl":{"start":{"line":7,"column":29},"end":{"line":7,"column":30}},"loc":{"start":{"line":7,"column":43},"end":{"line":7,"column":88}},"line":7}},"branchMap":{"0":{"loc":{"start":{"line":3,"column":39},"end":{"line":3,"column":90}},"type":"binary-expr","locations":[{"start":{"line":3,"column":39},"end":{"line":3,"column":84}},{"start":{"line":3,"column":88},"end":{"line":3,"column":90}}],"line":3}},"s":{"0":5,"1":1,"2":5,"3":1,"4":5,"5":1,"6":5,"7":1,"8":5,"9":1},"f":{"0":1,"1":1,"2":1,"3":1,"4":1},"b":{"0":[1,0]},"_coverageSchema":"1a1c01bbd47fc00a2c39e90264f33305004495a9","hash":"b8f1e91632c68191df41a4ba4c77dc03536c6702"}
,"C:\\Users\\Hoang\\Desktop\\Uni\\Semester 5\\Web Dev\\Project\\Task-Manager\\frontend\\src\\api\\tasks.js": {"path":"C:\\Users\\Hoang\\Desktop\\Uni\\Semester 5\\Web Dev\\Project\\Task-Manager\\frontend\\src\\api\\tasks.js","statementMap":{"0":{"start":{"line":3,"column":34},"end":{"line":3,"column":122}},"1":{"start":{"line":3,"column":55},"end":{"line":3,"column":122}},"2":{"start":{"line":4,"column":23},"end":{"line":4,"column":116}},"3":{"start":{"line":4,"column":51},"end":{"line":4,"column":116}},"4":{"start":{"line":5,"column":26},"end":{"line":5,"column":88}},"5":{"start":{"line":5,"column":45},"end":{"line":5,"column":88}},"6":{"start":{"line":6,"column":24},"end":{"line":6,"column":95}},"7":{"start":{"line":6,"column":47},"end":{"line":6,"column":95}},"8":{"start":{"line":7,"column":26},"end":{"line":7,"column":82}},"9":{"start":{"line":7,"column":40},"end":{"line":7,"column":82}},"10":{"start":{"line":8,"column":26},"end":{"line":8,"column":95}},"11":{"start":{"line":8,"column":44},"end":{"line":8,"column":95}},"12":{"start":{"line":9,"column":28},"end":{"line":9,"column":99}},"13":{"start":{"line":9,"column":46},"end":{"line":9,"column":99}}},"fnMap":{"0":{"name":"(anonymous_0)","decl":{"start":{"line":3,"column":34},"end":{"line":3,"column":35}},"loc":{"start":{"line":3,"column":55},"end":{"line":3,"column":122}},"line":3},"1":{"name":"(anonymous_1)","decl":{"start":{"line":4,"column":23},"end":{"line":4,"column":24}},"loc":{"start":{"line":4,"column":51},"end":{"line":4,"column":116}},"line":4},"2":{"name":"(anonymous_2)","decl":{"start":{"line":5,"column":26},"end":{"line":5,"column":27}},"loc":{"start":{"line":5,"column":45},"end":{"line":5,"column":88}},"line":5},"3":{"name":"(anonymous_3)","decl":{"start":{"line":6,"column":24},"end":{"line":6,"column":25}},"loc":{"start":{"line":6,"column":47},"end":{"line":6,"column":95}},"line":6},"4":{"name":"(anonymous_4)","decl":{"start":{"line":7,"column":26},"end":{"line":7,"column":27}},"loc":{"start":{"line":7,"column":40},"end":{"line":7,"column":82}},"line":7},"5":{"name":"(anonymous_5)","decl":{"start":{"line":8,"column":26},"end":{"line":8,"column":27}},"loc":{"start":{"line":8,"column":44},"end":{"line":8,"column":95}},"line":8},"6":{"name":"(anonymous_6)","decl":{"start":{"line":9,"column":28},"end":{"line":9,"column":29}},"loc":{"start":{"line":9,"column":46},"end":{"line":9,"column":99}},"line":9}},"branchMap":{"0":{"loc":{"start":{"line":3,"column":55},"end":{"line":3,"column":122}},"type":"binary-expr","locations":[{"start":{"line":3,"column":55},"end":{"line":3,"column":116}},{"start":{"line":3,"column":120},"end":{"line":3,"column":122}}],"line":3}},"s":{"0":6,"1":2,"2":6,"3":1,"4":6,"5":1,"6":6,"7":1,"8":6,"9":1,"10":6,"11":1,"12":6,"13":1},"f":{"0":2,"1":1,"2":1,"3":1,"4":1,"5":1,"6":1},"b":{"0":[2,0]},"_coverageSchema":"1a1c01bbd47fc00a2c39e90264f33305004495a9","hash":"8b1aa1ab7b45742ff6fca8f1355a921d3acc4490"}
,"C:\\Users\\Hoang\\Desktop\\Uni\\Semester 5\\Web Dev\\Project\\Task-Manager\\frontend\\src\\components\\Button.jsx": {"path":"C:\\Users\\Hoang\\Desktop\\Uni\\Semester 5\\Web Dev\\Project\\Task-Manager\\frontend\\src\\components\\Button.jsx","statementMap":{"0":{"start":{"line":3,"column":4},"end":{"line":5,"column":13}}},"fnMap":{"0":{"name":"Button","decl":{"start":{"line":1,"column":24},"end":{"line":1,"column":30}},"loc":{"start":{"line":2,"column":0},"end":{"line":6,"column":1}},"line":2}},"branchMap":{"0":{"loc":{"start":{"line":1,"column":42},"end":{"line":1,"column":56}},"type":"default-arg","locations":[{"start":{"line":1,"column":54},"end":{"line":1,"column":56}}],"line":1}},"s":{"0":21},"f":{"0":21},"b":{"0":[21]},"_coverageSchema":"1a1c01bbd47fc00a2c39e90264f33305004495a9","hash":"4767cd1278ca6a0750ffb1f1285673d75539784f"}
,"C:\\Users\\Hoang\\Desktop\\Uni\\Semester 5\\Web Dev\\Project\\Task-Manager\\frontend\\src\\components\\FormModal.jsx": {"path":"C:\\Users\\Hoang\\Desktop\\Uni\\Semester 5\\Web Dev\\Project\\Task-Manager\\frontend\\src\\components\\FormModal.jsx","statementMap":{"0":{"start":{"line":5,"column":21},"end":{"line":5,"column":34}},"1":{"start":{"line":6,"column":4},"end":{"line":23,"column":5}}},"fnMap":{"0":{"name":"FormModal","decl":{"start":{"line":3,"column":24},"end":{"line":3,"column":33}},"loc":{"start":{"line":4,"column":0},"end":{"line":24,"column":1}},"line":4}},"branchMap":{"0":{"loc":{"start":{"line":10,"column":17},"end":{"line":10,"column":72}},"type":"cond-expr","locations":[{"start":{"line":10,"column":28},"end":{"line":10,"column":49}},{"start":{"line":10,"column":52},"end":{"line":10,"column":72}}],"line":10},"1":{"loc":{"start":{"line":12,"column":13},"end":{"line":12,"column":78}},"type":"binary-expr","locations":[{"start":{"line":12,"column":13},"end":{"line":12,"column":18}},{"start":{"line":12,"column":22},"end":{"line":12,"column":78}}],"line":12},"2":{"loc":{"start":{"line":19,"column":122},"end":{"line":19,"column":147}},"type":"cond-expr","locations":[{"start":{"line":19,"column":132},"end":{"line":19,"column":138}},{"start":{"line":19,"column":139},"end":{"line":19,"column":147}}],"line":19}},"s":{"0":10,"1":10},"f":{"0":10},"b":{"0":[2,8],"1":[10,0],"2":[2,8]},"_coverageSchema":"1a1c01bbd47fc00a2c39e90264f33305004495a9","hash":"bd5e0c75ed1d3461c6683974282ef48b657bff42"}
,"C:\\Users\\Hoang\\Desktop\\Uni\\Semester 5\\Web Dev\\Project\\Task-Manager\\frontend\\src\\components\\Input.jsx": {"path":"C:\\Users\\Hoang\\Desktop\\Uni\\Semester 5\\Web Dev\\Project\\Task-Manager\\frontend\\src\\components\\Input.jsx","statementMap":{"0":{"start":{"line":2,"column":16},"end":{"line":2,"column":156}},"1":{"start":{"line":5,"column":4},"end":{"line":11,"column":5}}},"fnMap":{"0":{"name":"Input","decl":{"start":{"line":3,"column":24},"end":{"line":3,"column":29}},"loc":{"start":{"line":4,"column":0},"end":{"line":12,"column":1}},"line":4}},"branchMap":{"0":{"loc":{"start":{"line":3,"column":43},"end":{"line":3,"column":61}},"type":"default-arg","locations":[{"start":{"line":3,"column":56},"end":{"line":3,"column":61}}],"line":3},"1":{"loc":{"start":{"line":8,"column":13},"end":{"line":8,"column":119}},"type":"cond-expr","locations":[{"start":{"line":8,"column":25},"end":{"line":8,"column":77}},{"start":{"line":8,"column":80},"end":{"line":8,"column":119}}],"line":8},"2":{"loc":{"start":{"line":9,"column":13},"end":{"line":9,"column":75}},"type":"binary-expr","locations":[{"start":{"line":9,"column":13},"end":{"line":9,"column":18}},{"start":{"line":9,"column":22},"end":{"line":9,"column":75}}],"line":9}},"s":{"0":6,"1":40},"f":{"0":40},"b":{"0":[32],"1":[8,32],"2":[40,0]},"_coverageSchema":"1a1c01bbd47fc00a2c39e90264f33305004495a9","hash":"dd1735ac81091e685f132ab471d662ab7f9d2f5f"}
,"C:\\Users\\Hoang\\Desktop\\Uni\\Semester 5\\Web Dev\\Project\\Task-Manager\\frontend\\src\\components\\ProtectedRoute.jsx": {"path":"C:\\Users\\Hoang\\Desktop\\Uni\\Semester 5\\Web Dev\\Project\\Task-Manager\\frontend\\src\\components\\ProtectedRoute.jsx","statementMap":{"0":{"start":{"line":6,"column":18},"end":{"line":6,"column":47}},"1":{"start":{"line":8,"column":4},"end":{"line":8,"column":54}},"2":{"start":{"line":8,"column":15},"end":{"line":8,"column":54}},"3":{"start":{"line":9,"column":4},"end":{"line":25,"column":5}},"4":{"start":{"line":11,"column":8},"end":{"line":24,"column":9}},"5":{"start":{"line":12,"column":28},"end":{"line":12,"column":44}},"6":{"start":{"line":13,"column":12},"end":{"line":18,"column":13}},"7":{"start":{"line":14,"column":16},"end":{"line":14,"column":49}},"8":{"start":{"line":15,"column":16},"end":{"line":15,"column":48}},"9":{"start":{"line":16,"column":16},"end":{"line":16,"column":52}},"10":{"start":{"line":17,"column":16},"end":{"line":17,"column":55}},"11":{"start":{"line":19,"column":12},"end":{"line":19,"column":88}},"12":{"start":{"line":19,"column":46},"end":{"line":19,"column":88}},"13":{"start":{"line":23,"column":12},"end":{"line":23,"column":51}},"14":{"start":{"line":26,"column":4},"end":{"line":26,"column":20}}},"fnMap":{"0":{"name":"ProtectedRoute","decl":{"start":{"line":4,"column":24},"end":{"line":4,"column":38}},"loc":{"start":{"line":5,"column":0},"end":{"line":27,"column":1}},"line":5}},"branchMap":{"0":{"loc":{"start":{"line":8,"column":4},"end":{"line":8,"column":54}},"type":"if","locations":[{"start":{"line":8,"column":4},"end":{"line":8,"column":54}},{"start":{},"end":{}}],"line":8},"1":{"loc":{"start":{"line":9,"column":4},"end":{"line":25,"column":5}},"type":"if","locations":[{"start":{"line":9,"column":4},"end":{"line":25,"column":5}},{"start":{},"end":{}}],"line":9},"2":{"loc":{"start":{"line":9,"column":7},"end":{"line":9,"column":30}},"type":"binary-expr","locations":[{"start":{"line":9,"column":7},"end":{"line":9,"column":12}},{"start":{"line":9,"column":16},"end":{"line":9,"column":30}}],"line":9},"3":{"loc":{"start":{"line":13,"column":12},"end":{"line":18,"column":13}},"type":"if","locations":[{"start":{"line":13,"column":12},"end":{"line":18,"column":13}},{"start":{},"end":{}}],"line":13},"4":{"loc":{"start":{"line":13,"column":15},"end":{"line":13,"column":59}},"type":"binary-expr","locations":[{"start":{"line":13,"column":15},"end":{"line":13,"column":26}},{"start":{"line":13,"column":30},"end":{"line":13,"column":59}}],"line":13},"5":{"loc":{"start":{"line":19,"column":12},"end":{"line":19,"column":88}},"type":"if","locations":[{"start":{"line":19,"column":12},"end":{"line":19,"column":88}},{"start":{},"end":{}}],"line":19}},"s":{"0":2,"1":2,"2":1,"3":1,"4":1,"5":1,"6":1,"7":0,"8":0,"9":0,"10":0,"11":1,"12":0,"13":0,"14":1},"f":{"0":2},"b":{"0":[1,1],"1":[1,0],"2":[1,1],"3":[0,1],"4":[1,0],"5":[0,1]},"_coverageSchema":"1a1c01bbd47fc00a2c39e90264f33305004495a9","hash":"4539809829497304136253f1eceb34244698ad6a"}
,"C:\\Users\\Hoang\\Desktop\\Uni\\Semester 5\\Web Dev\\Project\\Task-Manager\\frontend\\src\\components\\Sidebar.jsx": {"path":"C:\\Users\\Hoang\\Desktop\\Uni\\Semester 5\\Web Dev\\Project\\Task-Manager\\frontend\\src\\components\\Sidebar.jsx","statementMap":{"0":{"start":{"line":7,"column":36},"end":{"line":7,"column":48}},"1":{"start":{"line":8,"column":34},"end":{"line":8,"column":48}},"2":{"start":{"line":9,"column":32},"end":{"line":9,"column":44}},"3":{"start":{"line":10,"column":28},"end":{"line":10,"column":43}},"4":{"start":{"line":13,"column":8},"end":{"line":13,"column":25}},"5":{"start":{"line":14,"column":8},"end":{"line":23,"column":9}},"6":{"start":{"line":15,"column":25},"end":{"line":15,"column":44}},"7":{"start":{"line":16,"column":12},"end":{"line":16,"column":30}},"8":{"start":{"line":19,"column":12},"end":{"line":19,"column":29}},"9":{"start":{"line":22,"column":12},"end":{"line":22,"column":30}},"10":{"start":{"line":26,"column":4},"end":{"line":26,"column":42}},"11":{"start":{"line":26,"column":21},"end":{"line":26,"column":27}},"12":{"start":{"line":27,"column":21},"end":{"line":27,"column":94}},"13":{"start":{"line":27,"column":42},"end":{"line":27,"column":93}},"14":{"start":{"line":29,"column":4},"end":{"line":55,"column":7}},"15":{"start":{"line":32,"column":21},"end":{"line":32,"column":35}},"16":{"start":{"line":43,"column":30},"end":{"line":43,"column":55}},"17":{"start":{"line":49,"column":16},"end":{"line":51,"column":21}},"18":{"start":{"line":49,"column":46},"end":{"line":49,"column":57}}},"fnMap":{"0":{"name":"Sidebar","decl":{"start":{"line":6,"column":24},"end":{"line":6,"column":31}},"loc":{"start":{"line":6,"column":90},"end":{"line":56,"column":1}},"line":6},"1":{"name":"load","decl":{"start":{"line":11,"column":19},"end":{"line":11,"column":23}},"loc":{"start":{"line":12,"column":4},"end":{"line":24,"column":5}},"line":12},"2":{"name":"(anonymous_2)","decl":{"start":{"line":26,"column":14},"end":{"line":26,"column":15}},"loc":{"start":{"line":26,"column":20},"end":{"line":26,"column":28}},"line":26},"3":{"name":"(anonymous_3)","decl":{"start":{"line":27,"column":37},"end":{"line":27,"column":38}},"loc":{"start":{"line":27,"column":42},"end":{"line":27,"column":93}},"line":27},"4":{"name":"(anonymous_4)","decl":{"start":{"line":32,"column":15},"end":{"line":32,"column":16}},"loc":{"start":{"line":32,"column":21},"end":{"line":32,"column":35}},"line":32},"5":{"name":"(anonymous_5)","decl":{"start":{"line":43,"column":25},"end":{"line":43,"column":26}},"loc":{"start":{"line":43,"column":30},"end":{"line":43,"column":55}},"line":43},"6":{"name":"(anonymous_6)","decl":{"start":{"line":48,"column":26},"end":{"line":48,"column":27}},"loc":{"start":{"line":49,"column":16},"end":{"line":51,"column":21}},"line":49},"7":{"name":"(anonymous_7)","decl":{"start":{"line":49,"column":40},"end":{"line":49,"column":41}},"loc":{"start":{"line":49,"column":46},"end":{"line":49,"column":57}},"line":49}},"branchMap":{"0":{"loc":{"start":{"line":6,"column":56},"end":{"line":6,"column":72}},"type":"default-arg","locations":[{"start":{"line":6,"column":68},"end":{"line":6,"column":72}}],"line":6},"1":{"loc":{"start":{"line":36,"column":100},"end":{"line":36,"column":144}},"type":"cond-expr","locations":[{"start":{"line":36,"column":107},"end":{"line":36,"column":122}},{"start":{"line":36,"column":125},"end":{"line":36,"column":144}}],"line":36},"2":{"loc":{"start":{"line":39,"column":13},"end":{"line":39,"column":80}},"type":"binary-expr","locations":[{"start":{"line":39,"column":13},"end":{"line":39,"column":22}},{"start":{"line":39,"column":26},"end":{"line":39,"column":80}}],"line":39},"3":{"loc":{"start":{"line":47,"column":13},"end":{"line":52,"column":14}},"type":"cond-expr","locations":[{"start":{"line":47,"column":23},"end":{"line":47,"column":44}},{"start":{"line":48,"column":12},"end":{"line":52,"column":14}}],"line":47},"4":{"loc":{"start":{"line":49,"column":119},"end":{"line":49,"column":187}},"type":"cond-expr","locations":[{"start":{"line":49,"column":141},"end":{"line":49,"column":165}},{"start":{"line":49,"column":167},"end":{"line":49,"column":187}}],"line":49}},"s":{"0":3,"1":3,"2":3,"3":3,"4":1,"5":1,"6":1,"7":1,"8":0,"9":1,"10":3,"11":1,"12":3,"13":4,"14":3,"15":0,"16":1,"17":4,"18":0},"f":{"0":3,"1":1,"2":1,"3":4,"4":0,"5":1,"6":4,"7":0},"b":{"0":[3],"1":[0,3],"2":[3,3],"3":[1,2],"4":[2,2]},"_coverageSchema":"1a1c01bbd47fc00a2c39e90264f33305004495a9","hash":"54abf3939467b9ae8e027289003450e82d3eeff4"}
,"C:\\Users\\Hoang\\Desktop\\Uni\\Semester 5\\Web Dev\\Project\\Task-Manager\\frontend\\src\\components\\TopNav.jsx": {"path":"C:\\Users\\Hoang\\Desktop\\Uni\\Semester 5\\Web Dev\\Project\\Task-Manager\\frontend\\src\\components\\TopNav.jsx","statementMap":{"0":{"start":{"line":8,"column":18},"end":{"line":8,"column":47}},"1":{"start":{"line":10,"column":4},"end":{"line":13,"column":15}},"2":{"start":{"line":11,"column":8},"end":{"line":12,"column":23}},"3":{"start":{"line":12,"column":12},"end":{"line":12,"column":23}},"4":{"start":{"line":15,"column":4},"end":{"line":34,"column":5}}},"fnMap":{"0":{"name":"TopNav","decl":{"start":{"line":6,"column":24},"end":{"line":6,"column":30}},"loc":{"start":{"line":7,"column":0},"end":{"line":35,"column":1}},"line":7},"1":{"name":"(anonymous_1)","decl":{"start":{"line":10,"column":14},"end":{"line":10,"column":15}},"loc":{"start":{"line":10,"column":18},"end":{"line":13,"column":5}},"line":10}},"branchMap":{"0":{"loc":{"start":{"line":11,"column":8},"end":{"line":12,"column":23}},"type":"if","locations":[{"start":{"line":11,"column":8},"end":{"line":12,"column":23}},{"start":{},"end":{}}],"line":11},"1":{"loc":{"start":{"line":27,"column":17},"end":{"line":29,"column":23}},"type":"binary-expr","locations":[{"start":{"line":27,"column":17},"end":{"line":27,"column":38}},{"start":{"line":27,"column":42},"end":{"line":29,"column":23}}],"line":27}},"s":{"0":4,"1":4,"2":4,"3":4,"4":4},"f":{"0":4,"1":4},"b":{"0":[4,0],"1":[4,1]},"_coverageSchema":"1a1c01bbd47fc00a2c39e90264f33305004495a9","hash":"06544953a8e25d50c19c57cf781c8b3a4be0dcc0"}
,"C:\\Users\\Hoang\\Desktop\\Uni\\Semester 5\\Web Dev\\Project\\Task-Manager\\frontend\\src\\components\\project_components\\ProjectFormModal.jsx": {"path":"C:\\Users\\Hoang\\Desktop\\Uni\\Semester 5\\Web Dev\\Project\\Task-Manager\\frontend\\src\\components\\project_components\\ProjectFormModal.jsx","statementMap":{"0":{"start":{"line":9,"column":28},"end":{"line":9,"column":58}},"1":{"start":{"line":10,"column":42},"end":{"line":10,"column":79}},"2":{"start":{"line":11,"column":30},"end":{"line":11,"column":42}},"3":{"start":{"line":15,"column":8},"end":{"line":15,"column":27}},"4":{"start":{"line":16,"column":8},"end":{"line":16,"column":21}},"5":{"start":{"line":17,"column":8},"end":{"line":29,"column":9}},"6":{"start":{"line":18,"column":12},"end":{"line":23,"column":13}},"7":{"start":{"line":19,"column":16},"end":{"line":19,"column":68}},"8":{"start":{"line":22,"column":16},"end":{"line":22,"column":57}},"9":{"start":{"line":24,"column":12},"end":{"line":24,"column":22}},"10":{"start":{"line":25,"column":12},"end":{"line":25,"column":22}},"11":{"start":{"line":28,"column":12},"end":{"line":28,"column":72}},"12":{"start":{"line":32,"column":4},"end":{"line":40,"column":5}},"13":{"start":{"line":37,"column":71},"end":{"line":37,"column":94}},"14":{"start":{"line":38,"column":85},"end":{"line":38,"column":115}}},"fnMap":{"0":{"name":"ProjectFormModal","decl":{"start":{"line":7,"column":24},"end":{"line":7,"column":40}},"loc":{"start":{"line":8,"column":0},"end":{"line":41,"column":1}},"line":8},"1":{"name":"handleSubmit","decl":{"start":{"line":13,"column":19},"end":{"line":13,"column":31}},"loc":{"start":{"line":14,"column":4},"end":{"line":30,"column":5}},"line":14},"2":{"name":"(anonymous_2)","decl":{"start":{"line":37,"column":66},"end":{"line":37,"column":67}},"loc":{"start":{"line":37,"column":71},"end":{"line":37,"column":94}},"line":37},"3":{"name":"(anonymous_3)","decl":{"start":{"line":38,"column":80},"end":{"line":38,"column":81}},"loc":{"start":{"line":38,"column":85},"end":{"line":38,"column":115}},"line":38}},"branchMap":{"0":{"loc":{"start":{"line":9,"column":37},"end":{"line":9,"column":57}},"type":"binary-expr","locations":[{"start":{"line":9,"column":37},"end":{"line":9,"column":51}},{"start":{"line":9,"column":55},"end":{"line":9,"column":57}}],"line":9},"1":{"loc":{"start":{"line":10,"column":51},"end":{"line":10,"column":78}},"type":"binary-expr","locations":[{"start":{"line":10,"column":51},"end":{"line":10,"column":72}},{"start":{"line":10,"column":76},"end":{"line":10,"column":78}}],"line":10},"2":{"loc":{"start":{"line":18,"column":12},"end":{"line":23,"column":13}},"type":"if","locations":[{"start":{"line":18,"column":12},"end":{"line":23,"column":13}},{"start":{"line":21,"column":17},"end":{"line":23,"column":13}}],"line":18},"3":{"loc":{"start":{"line":28,"column":21},"end":{"line":28,"column":70}},"type":"binary-expr","locations":[{"start":{"line":28,"column":21},"end":{"line":28,"column":46}},{"start":{"line":28,"column":50},"end":{"line":28,"column":59}},{"start":{"line":28,"column":63},"end":{"line":28,"column":70}}],"line":28}},"s":{"0":4,"1":4,"2":4,"3":2,"4":2,"5":2,"6":2,"7":1,"8":1,"9":2,"10":2,"11":0,"12":4,"13":1,"14":0},"f":{"0":4,"1":2,"2":1,"3":0},"b":{"0":[4,3],"1":[4,4],"2":[1,1],"3":[0,0,0]},"_coverageSchema":"1a1c01bbd47fc00a2c39e90264f33305004495a9","hash":"36ab6ea35cc0939887eec344f2bc9a92428b45f3"}
,"C:\\Users\\Hoang\\Desktop\\Uni\\Semester 5\\Web Dev\\Project\\Task-Manager\\frontend\\src\\components\\project_components\\ProjectView.jsx": {"path":"C:\\Users\\Hoang\\Desktop\\Uni\\Semester 5\\Web Dev\\Project\\Task-Manager\\frontend\\src\\components\\project_components\\ProjectView.jsx","statementMap":{"0":{"start":{"line":12,"column":24},"end":{"line":12,"column":35}},"1":{"start":{"line":13,"column":42},"end":{"line":13,"column":53}},"2":{"start":{"line":14,"column":21},"end":{"line":14,"column":34}},"3":{"start":{"line":15,"column":34},"end":{"line":15,"column":49}},"4":{"start":{"line":16,"column":34},"end":{"line":16,"column":48}},"5":{"start":{"line":17,"column":34},"end":{"line":17,"column":49}},"6":{"start":{"line":19,"column":4},"end":{"line":39,"column":23}},"7":{"start":{"line":21,"column":12},"end":{"line":21,"column":29}},"8":{"start":{"line":24,"column":16},"end":{"line":36,"column":17}},"9":{"start":{"line":25,"column":33},"end":{"line":25,"column":60}},"10":{"start":{"line":26,"column":20},"end":{"line":26,"column":38}},"11":{"start":{"line":27,"column":20},"end":{"line":27,"column":37}},"12":{"start":{"line":31,"column":20},"end":{"line":31,"column":52}},"13":{"start":{"line":35,"column":20},"end":{"line":35,"column":38}},"14":{"start":{"line":38,"column":12},"end":{"line":38,"column":26}},"15":{"start":{"line":43,"column":8},"end":{"line":43,"column":47}},"16":{"start":{"line":43,"column":40},"end":{"line":43,"column":47}},"17":{"start":{"line":44,"column":8},"end":{"line":53,"column":9}},"18":{"start":{"line":45,"column":12},"end":{"line":45,"column":44}},"19":{"start":{"line":46,"column":24},"end":{"line":46,"column":62}},"20":{"start":{"line":47,"column":12},"end":{"line":47,"column":57}},"21":{"start":{"line":48,"column":12},"end":{"line":48,"column":34}},"22":{"start":{"line":52,"column":12},"end":{"line":52,"column":83}},"23":{"start":{"line":55,"column":4},"end":{"line":56,"column":99}},"24":{"start":{"line":56,"column":8},"end":{"line":56,"column":99}},"25":{"start":{"line":57,"column":4},"end":{"line":84,"column":5}},"26":{"start":{"line":72,"column":77},"end":{"line":72,"column":93}},"27":{"start":{"line":72,"column":107},"end":{"line":72,"column":136}},"28":{"start":{"line":76,"column":35},"end":{"line":76,"column":52}},"29":{"start":{"line":78,"column":24},"end":{"line":78,"column":42}},"30":{"start":{"line":79,"column":24},"end":{"line":79,"column":53}},"31":{"start":{"line":79,"column":46},"end":{"line":79,"column":51}}},"fnMap":{"0":{"name":"ProjectView","decl":{"start":{"line":10,"column":24},"end":{"line":10,"column":35}},"loc":{"start":{"line":11,"column":0},"end":{"line":85,"column":1}},"line":11},"1":{"name":"(anonymous_1)","decl":{"start":{"line":19,"column":14},"end":{"line":19,"column":15}},"loc":{"start":{"line":20,"column":8},"end":{"line":39,"column":9}},"line":20},"2":{"name":"loadProject","decl":{"start":{"line":22,"column":27},"end":{"line":22,"column":38}},"loc":{"start":{"line":23,"column":12},"end":{"line":37,"column":13}},"line":23},"3":{"name":"handleDelete","decl":{"start":{"line":41,"column":19},"end":{"line":41,"column":31}},"loc":{"start":{"line":42,"column":4},"end":{"line":54,"column":5}},"line":42},"4":{"name":"(anonymous_4)","decl":{"start":{"line":72,"column":73},"end":{"line":72,"column":74}},"loc":{"start":{"line":72,"column":77},"end":{"line":72,"column":93}},"line":72},"5":{"name":"(anonymous_5)","decl":{"start":{"line":72,"column":103},"end":{"line":72,"column":104}},"loc":{"start":{"line":72,"column":107},"end":{"line":72,"column":136}},"line":72},"6":{"name":"(anonymous_6)","decl":{"start":{"line":76,"column":29},"end":{"line":76,"column":30}},"loc":{"start":{"line":76,"column":35},"end":{"line":76,"column":52}},"line":76},"7":{"name":"(anonymous_7)","decl":{"start":{"line":77,"column":29},"end":{"line":77,"column":30}},"loc":{"start":{"line":77,"column":35},"end":{"line":80,"column":21}},"line":77},"8":{"name":"(anonymous_8)","decl":{"start":{"line":79,"column":39},"end":{"line":79,"column":40}},"loc":{"start":{"line":79,"column":46},"end":{"line":79,"column":51}},"line":79}},"branchMap":{"0":{"loc":{"start":{"line":43,"column":8},"end":{"line":43,"column":47}},"type":"if","locations":[{"start":{"line":43,"column":8},"end":{"line":43,"column":47}},{"start":{},"end":{}}],"line":43},"1":{"loc":{"start":{"line":52,"column":18},"end":{"line":52,"column":81}},"type":"binary-expr","locations":[{"start":{"line":52,"column":18},"end":{"line":52,"column":44}},{"start":{"line":52,"column":48},"end":{"line":52,"column":59}},{"start":{"line":52,"column":63},"end":{"line":52,"column":81}}],"line":52},"2":{"loc":{"start":{"line":55,"column":4},"end":{"line":56,"column":99}},"type":"if","locations":[{"start":{"line":55,"column":4},"end":{"line":56,"column":99}},{"start":{},"end":{}}],"line":55},"3":{"loc":{"start":{"line":55,"column":7},"end":{"line":55,"column":26}},"type":"binary-expr","locations":[{"start":{"line":55,"column":7},"end":{"line":55,"column":14}},{"start":{"line":55,"column":18},"end":{"line":55,"column":26}}],"line":55},"4":{"loc":{"start":{"line":73,"column":12},"end":{"line":82,"column":17}},"type":"binary-expr","locations":[{"start":{"line":73,"column":12},"end":{"line":73,"column":19}},{"start":{"line":74,"column":20},"end":{"line":81,"column":22}}],"line":73}},"s":{"0":6,"1":6,"2":6,"3":6,"4":6,"5":6,"6":6,"7":2,"8":2,"9":2,"10":2,"11":2,"12":0,"13":2,"14":2,"15":0,"16":0,"17":0,"18":0,"19":0,"20":0,"21":0,"22":0,"23":6,"24":4,"25":2,"26":0,"27":1,"28":0,"29":0,"30":0,"31":0},"f":{"0":6,"1":2,"2":2,"3":0,"4":0,"5":1,"6":0,"7":0,"8":0},"b":{"0":[0,0],"1":[0,0,0],"2":[4,2],"3":[6,4],"4":[2,0]},"_coverageSchema":"1a1c01bbd47fc00a2c39e90264f33305004495a9","hash":"66bbb9d88e00fdb589b49924d7785d1908acd82e"}
,"C:\\Users\\Hoang\\Desktop\\Uni\\Semester 5\\Web Dev\\Project\\Task-Manager\\frontend\\src\\components\\task_components\\TaskFormModal.jsx": {"path":"C:\\Users\\Hoang\\Desktop\\Uni\\Semester 5\\Web Dev\\Project\\Task-Manager\\frontend\\src\\components\\task_components\\TaskFormModal.jsx","statementMap":{"0":{"start":{"line":9,"column":30},"end":{"line":9,"column":61}},"1":{"start":{"line":10,"column":42},"end":{"line":10,"column":79}},"2":{"start":{"line":11,"column":36},"end":{"line":11,"column":69}},"3":{"start":{"line":12,"column":30},"end":{"line":12,"column":42}},"4":{"start":{"line":13,"column":40},"end":{"line":13,"column":67}},"5":{"start":{"line":16,"column":8},"end":{"line":16,"column":27}},"6":{"start":{"line":17,"column":8},"end":{"line":17,"column":21}},"7":{"start":{"line":18,"column":8},"end":{"line":21,"column":9}},"8":{"start":{"line":19,"column":12},"end":{"line":19,"column":42}},"9":{"start":{"line":20,"column":12},"end":{"line":20,"column":19}},"10":{"start":{"line":23,"column":8},"end":{"line":34,"column":9}},"11":{"start":{"line":24,"column":12},"end":{"line":29,"column":13}},"12":{"start":{"line":25,"column":16},"end":{"line":25,"column":101}},"13":{"start":{"line":28,"column":16},"end":{"line":28,"column":113}},"14":{"start":{"line":30,"column":12},"end":{"line":30,"column":22}},"15":{"start":{"line":31,"column":12},"end":{"line":31,"column":22}},"16":{"start":{"line":33,"column":12},"end":{"line":33,"column":76}},"17":{"start":{"line":37,"column":4},"end":{"line":47,"column":5}},"18":{"start":{"line":42,"column":70},"end":{"line":42,"column":94}},"19":{"start":{"line":43,"column":82},"end":{"line":43,"column":112}},"20":{"start":{"line":44,"column":89},"end":{"line":44,"column":126}},"21":{"start":{"line":45,"column":89},"end":{"line":45,"column":118}}},"fnMap":{"0":{"name":"TaskFormModal","decl":{"start":{"line":7,"column":24},"end":{"line":7,"column":37}},"loc":{"start":{"line":8,"column":0},"end":{"line":48,"column":1}},"line":8},"1":{"name":"handleSubmit","decl":{"start":{"line":14,"column":19},"end":{"line":14,"column":31}},"loc":{"start":{"line":15,"column":4},"end":{"line":35,"column":5}},"line":15},"2":{"name":"(anonymous_2)","decl":{"start":{"line":42,"column":65},"end":{"line":42,"column":66}},"loc":{"start":{"line":42,"column":70},"end":{"line":42,"column":94}},"line":42},"3":{"name":"(anonymous_3)","decl":{"start":{"line":43,"column":77},"end":{"line":43,"column":78}},"loc":{"start":{"line":43,"column":82},"end":{"line":43,"column":112}},"line":43},"4":{"name":"(anonymous_4)","decl":{"start":{"line":44,"column":84},"end":{"line":44,"column":85}},"loc":{"start":{"line":44,"column":89},"end":{"line":44,"column":126}},"line":44},"5":{"name":"(anonymous_5)","decl":{"start":{"line":45,"column":84},"end":{"line":45,"column":85}},"loc":{"start":{"line":45,"column":89},"end":{"line":45,"column":118}},"line":45}},"branchMap":{"0":{"loc":{"start":{"line":9,"column":39},"end":{"line":9,"column":60}},"type":"binary-expr","locations":[{"start":{"line":9,"column":39},"end":{"line":9,"column":54}},{"start":{"line":9,"column":58},"end":{"line":9,"column":60}}],"line":9},"1":{"loc":{"start":{"line":10,"column":51},"end":{"line":10,"column":78}},"type":"binary-expr","locations":[{"start":{"line":10,"column":51},"end":{"line":10,"column":72}},{"start":{"line":10,"column":76},"end":{"line":10,"column":78}}],"line":10},"2":{"loc":{"start":{"line":11,"column":45},"end":{"line":11,"column":68}},"type":"binary-expr","locations":[{"start":{"line":11,"column":45},"end":{"line":11,"column":63}},{"start":{"line":11,"column":67},"end":{"line":11,"column":68}}],"line":11},"3":{"loc":{"start":{"line":18,"column":8},"end":{"line":21,"column":9}},"type":"if","locations":[{"start":{"line":18,"column":8},"end":{"line":21,"column":9}},{"start":{},"end":{}}],"line":18},"4":{"loc":{"start":{"line":24,"column":12},"end":{"line":29,"column":13}},"type":"if","locations":[{"start":{"line":24,"column":12},"end":{"line":29,"column":13}},{"start":{"line":27,"column":17},"end":{"line":29,"column":13}}],"line":24},"5":{"loc":{"start":{"line":33,"column":21},"end":{"line":33,"column":74}},"type":"binary-expr","locations":[{"start":{"line":33,"column":21},"end":{"line":33,"column":48}},{"start":{"line":33,"column":52},"end":{"line":33,"column":63}},{"start":{"line":33,"column":67},"end":{"line":33,"column":74}}],"line":33}},"s":{"0":7,"1":7,"2":7,"3":7,"4":7,"5":3,"6":3,"7":3,"8":0,"9":0,"10":3,"11":3,"12":1,"13":2,"14":3,"15":3,"16":0,"17":7,"18":2,"19":0,"20":0,"21":0},"f":{"0":7,"1":3,"2":2,"3":0,"4":0,"5":0},"b":{"0":[7,6],"1":[7,7],"2":[7,7],"3":[0,3],"4":[1,2],"5":[0,0,0]},"_coverageSchema":"1a1c01bbd47fc00a2c39e90264f33305004495a9","hash":"a1f606be98253e0af0d174a176797799f92431f6"}
,"C:\\Users\\Hoang\\Desktop\\Uni\\Semester 5\\Web Dev\\Project\\Task-Manager\\frontend\\src\\components\\task_components\\TaskList.jsx": {"path":"C:\\Users\\Hoang\\Desktop\\Uni\\Semester 5\\Web Dev\\Project\\Task-Manager\\frontend\\src\\components\\task_components\\TaskList.jsx","statementMap":{"0":{"start":{"line":7,"column":30},"end":{"line":7,"column":42}},"1":{"start":{"line":8,"column":34},"end":{"line":8,"column":49}},"2":{"start":{"line":9,"column":32},"end":{"line":9,"column":44}},"3":{"start":{"line":13,"column":8},"end":{"line":13,"column":25}},"4":{"start":{"line":14,"column":8},"end":{"line":25,"column":9}},"5":{"start":{"line":15,"column":22},"end":{"line":15,"column":57}},"6":{"start":{"line":16,"column":12},"end":{"line":16,"column":24}},"7":{"start":{"line":20,"column":12},"end":{"line":20,"column":87}},"8":{"start":{"line":24,"column":12},"end":{"line":24,"column":30}},"9":{"start":{"line":29,"column":8},"end":{"line":36,"column":9}},"10":{"start":{"line":30,"column":12},"end":{"line":30,"column":35}},"11":{"start":{"line":31,"column":12},"end":{"line":31,"column":21}},"12":{"start":{"line":35,"column":12},"end":{"line":35,"column":90}},"13":{"start":{"line":39,"column":4},"end":{"line":39,"column":45}},"14":{"start":{"line":39,"column":19},"end":{"line":39,"column":30}},"15":{"start":{"line":40,"column":21},"end":{"line":40,"column":71}},"16":{"start":{"line":40,"column":43},"end":{"line":40,"column":70}},"17":{"start":{"line":41,"column":4},"end":{"line":70,"column":5}},"18":{"start":{"line":51,"column":211},"end":{"line":51,"column":236}},"19":{"start":{"line":56,"column":28},"end":{"line":63,"column":33}},"20":{"start":{"line":61,"column":232},"end":{"line":61,"column":250}}},"fnMap":{"0":{"name":"TaskList","decl":{"start":{"line":6,"column":24},"end":{"line":6,"column":32}},"loc":{"start":{"line":6,"column":61},"end":{"line":71,"column":1}},"line":6},"1":{"name":"loadTasks","decl":{"start":{"line":11,"column":19},"end":{"line":11,"column":28}},"loc":{"start":{"line":12,"column":4},"end":{"line":26,"column":5}},"line":12},"2":{"name":"markComplete","decl":{"start":{"line":27,"column":19},"end":{"line":27,"column":31}},"loc":{"start":{"line":28,"column":4},"end":{"line":37,"column":5}},"line":28},"3":{"name":"(anonymous_3)","decl":{"start":{"line":39,"column":14},"end":{"line":39,"column":15}},"loc":{"start":{"line":39,"column":18},"end":{"line":39,"column":31}},"line":39},"4":{"name":"(anonymous_4)","decl":{"start":{"line":40,"column":35},"end":{"line":40,"column":36}},"loc":{"start":{"line":40,"column":43},"end":{"line":40,"column":70}},"line":40},"5":{"name":"(anonymous_5)","decl":{"start":{"line":51,"column":204},"end":{"line":51,"column":205}},"loc":{"start":{"line":51,"column":211},"end":{"line":51,"column":236}},"line":51},"6":{"name":"(anonymous_6)","decl":{"start":{"line":55,"column":38},"end":{"line":55,"column":39}},"loc":{"start":{"line":56,"column":28},"end":{"line":63,"column":33}},"line":56},"7":{"name":"(anonymous_7)","decl":{"start":{"line":61,"column":228},"end":{"line":61,"column":229}},"loc":{"start":{"line":61,"column":232},"end":{"line":61,"column":250}},"line":61}},"branchMap":{"0":{"loc":{"start":{"line":20,"column":18},"end":{"line":20,"column":85}},"type":"binary-expr","locations":[{"start":{"line":20,"column":18},"end":{"line":20,"column":44}},{"start":{"line":20,"column":48},"end":{"line":20,"column":59}},{"start":{"line":20,"column":63},"end":{"line":20,"column":85}}],"line":20},"1":{"loc":{"start":{"line":35,"column":18},"end":{"line":35,"column":88}},"type":"binary-expr","locations":[{"start":{"line":35,"column":18},"end":{"line":35,"column":44}},{"start":{"line":35,"column":48},"end":{"line":35,"column":59}},{"start":{"line":35,"column":63},"end":{"line":35,"column":88}}],"line":35},"2":{"loc":{"start":{"line":52,"column":17},"end":{"line":66,"column":22}},"type":"cond-expr","locations":[{"start":{"line":52,"column":27},"end":{"line":52,"column":48}},{"start":{"line":52,"column":51},"end":{"line":66,"column":22}}],"line":52},"3":{"loc":{"start":{"line":52,"column":51},"end":{"line":66,"column":22}},"type":"cond-expr","locations":[{"start":{"line":52,"column":69},"end":{"line":52,"column":92}},{"start":{"line":53,"column":16},"end":{"line":66,"column":22}}],"line":52},"4":{"loc":{"start":{"line":56,"column":76},"end":{"line":56,"column":161}},"type":"cond-expr","locations":[{"start":{"line":56,"column":98},"end":{"line":56,"column":131}},{"start":{"line":56,"column":132},"end":{"line":56,"column":161}}],"line":56},"5":{"loc":{"start":{"line":61,"column":92},"end":{"line":61,"column":199}},"type":"cond-expr","locations":[{"start":{"line":61,"column":114},"end":{"line":61,"column":158}},{"start":{"line":61,"column":159},"end":{"line":61,"column":199}}],"line":61}},"s":{"0":12,"1":12,"2":12,"3":5,"4":5,"5":5,"6":4,"7":0,"8":4,"9":3,"10":3,"11":3,"12":0,"13":12,"14":5,"15":12,"16":3,"17":12,"18":0,"19":3,"20":3},"f":{"0":12,"1":5,"2":3,"3":5,"4":3,"5":0,"6":3,"7":3},"b":{"0":[0,0,0],"1":[0,0,0],"2":[3,9],"3":[6,3],"4":[0,3],"5":[0,3]},"_coverageSchema":"1a1c01bbd47fc00a2c39e90264f33305004495a9","hash":"1439817f0f846f8da180e3efa66e559bfe24f839"}
,"C:\\Users\\Hoang\\Desktop\\Uni\\Semester 5\\Web Dev\\Project\\Task-Manager\\frontend\\src\\pages\\LoginPage.jsx": {"path":"C:\\Users\\Hoang\\Desktop\\Uni\\Semester 5\\Web Dev\\Project\\Task-Manager\\frontend\\src\\pages\\LoginPage.jsx","statementMap":{"0":{"start":{"line":9,"column":28},"end":{"line":12,"column":6}},"1":{"start":{"line":13,"column":29},"end":{"line":13,"column":41}},"2":{"start":{"line":14,"column":21},"end":{"line":14,"column":34}},"3":{"start":{"line":18,"column":8},"end":{"line":18,"column":27}},"4":{"start":{"line":19,"column":8},"end":{"line":19,"column":21}},"5":{"start":{"line":20,"column":8},"end":{"line":24,"column":9}},"6":{"start":{"line":22,"column":12},"end":{"line":22,"column":44}},"7":{"start":{"line":23,"column":12},"end":{"line":23,"column":19}},"8":{"start":{"line":25,"column":8},"end":{"line":41,"column":9}},"9":{"start":{"line":26,"column":25},"end":{"line":26,"column":66}},"10":{"start":{"line":27,"column":26},"end":{"line":27,"column":43}},"11":{"start":{"line":28,"column":12},"end":{"line":28,"column":47}},"12":{"start":{"line":28,"column":23},"end":{"line":28,"column":47}},"13":{"start":{"line":29,"column":12},"end":{"line":29,"column":48}},"14":{"start":{"line":30,"column":12},"end":{"line":35,"column":19}},"15":{"start":{"line":31,"column":32},"end":{"line":31,"column":48}},"16":{"start":{"line":32,"column":16},"end":{"line":32,"column":76}},"17":{"start":{"line":32,"column":34},"end":{"line":32,"column":76}},"18":{"start":{"line":33,"column":16},"end":{"line":33,"column":88}},"19":{"start":{"line":33,"column":38},"end":{"line":33,"column":88}},"20":{"start":{"line":37,"column":12},"end":{"line":37,"column":49}},"21":{"start":{"line":40,"column":12},"end":{"line":40,"column":82}},"22":{"start":{"line":44,"column":4},"end":{"line":63,"column":5}},"23":{"start":{"line":52,"column":79},"end":{"line":52,"column":123}},"24":{"start":{"line":53,"column":79},"end":{"line":53,"column":123}},"25":{"start":{"line":58,"column":85},"end":{"line":58,"column":98}}},"fnMap":{"0":{"name":"LoginPage","decl":{"start":{"line":7,"column":24},"end":{"line":7,"column":33}},"loc":{"start":{"line":8,"column":0},"end":{"line":64,"column":1}},"line":8},"1":{"name":"handleSubmit","decl":{"start":{"line":16,"column":19},"end":{"line":16,"column":31}},"loc":{"start":{"line":17,"column":4},"end":{"line":42,"column":5}},"line":17},"2":{"name":"(anonymous_2)","decl":{"start":{"line":52,"column":74},"end":{"line":52,"column":75}},"loc":{"start":{"line":52,"column":79},"end":{"line":52,"column":123}},"line":52},"3":{"name":"(anonymous_3)","decl":{"start":{"line":53,"column":74},"end":{"line":53,"column":75}},"loc":{"start":{"line":53,"column":79},"end":{"line":53,"column":123}},"line":53},"4":{"name":"(anonymous_4)","decl":{"start":{"line":58,"column":81},"end":{"line":58,"column":82}},"loc":{"start":{"line":58,"column":85},"end":{"line":58,"column":98}},"line":58}},"branchMap":{"0":{"loc":{"start":{"line":20,"column":8},"end":{"line":24,"column":9}},"type":"if","locations":[{"start":{"line":20,"column":8},"end":{"line":24,"column":9}},{"start":{},"end":{}}],"line":20},"1":{"loc":{"start":{"line":20,"column":11},"end":{"line":20,"column":43}},"type":"binary-expr","locations":[{"start":{"line":20,"column":11},"end":{"line":20,"column":25}},{"start":{"line":20,"column":29},"end":{"line":20,"column":43}}],"line":20},"2":{"loc":{"start":{"line":28,"column":12},"end":{"line":28,"column":47}},"type":"if","locations":[{"start":{"line":28,"column":12},"end":{"line":28,"column":47}},{"start":{},"end":{}}],"line":28},"3":{"loc":{"start":{"line":32,"column":16},"end":{"line":32,"column":76}},"type":"if","locations":[{"start":{"line":32,"column":16},"end":{"line":32,"column":76}},{"start":{},"end":{}}],"line":32},"4":{"loc":{"start":{"line":33,"column":16},"end":{"line":33,"column":88}},"type":"if","locations":[{"start":{"line":33,"column":16},"end":{"line":33,"column":88}},{"start":{},"end":{}}],"line":33},"5":{"loc":{"start":{"line":40,"column":21},"end":{"line":40,"column":80}},"type":"binary-expr","locations":[{"start":{"line":40,"column":21},"end":{"line":40,"column":47}},{"start":{"line":40,"column":51},"end":{"line":40,"column":62}},{"start":{"line":40,"column":66},"end":{"line":40,"column":80}}],"line":40},"6":{"loc":{"start":{"line":50,"column":13},"end":{"line":50,"column":78}},"type":"binary-expr","locations":[{"start":{"line":50,"column":13},"end":{"line":50,"column":18}},{"start":{"line":50,"column":22},"end":{"line":50,"column":78}}],"line":50}},"s":{"0":9,"1":9,"2":9,"3":2,"4":2,"5":2,"6":0,"7":0,"8":2,"9":2,"10":1,"11":1,"12":0,"13":1,"14":1,"15":1,"16":0,"17":0,"18":0,"19":0,"20":1,"21":1,"22":9,"23":2,"24":2,"25":0},"f":{"0":9,"1":2,"2":2,"3":2,"4":0},"b":{"0":[0,2],"1":[2,2],"2":[0,1],"3":[0,0],"4":[0,0],"5":[1,0,0],"6":[9,1]},"_coverageSchema":"1a1c01bbd47fc00a2c39e90264f33305004495a9","hash":"6d82dd8ea28ba809380b1a43940d7febc1e9e155"}
}
