TN:
SF:filemock.js
FNF:0
FNH:0
DA:1,1
LF:1
LH:1
BRF:0
BRH:0
end_of_record
TN:
SF:src\api\auth.js
FN:8,(anonymous_0)
FN:14,(anonymous_1)
FN:16,(anonymous_2)
FN:27,(anonymous_3)
FN:32,(anonymous_4)
FN:34,(anonymous_5)
FNF:6
FNH:0
FNDA:0,(anonymous_0)
FNDA:0,(anonymous_1)
FNDA:0,(anonymous_2)
FNDA:0,(anonymous_3)
FNDA:0,(anonymous_4)
FNDA:0,(anonymous_5)
DA:4,1
DA:8,1
DA:9,0
DA:10,0
DA:11,0
DA:13,0
DA:14,0
DA:16,1
DA:18,0
DA:19,0
DA:20,0
DA:21,0
DA:23,0
DA:24,0
DA:27,1
DA:29,0
DA:30,0
DA:32,1
DA:34,1
LF:19
LH:6
BRDA:10,0,0,0
BRDA:10,0,1,0
BRF:2
BRH:0
end_of_record
TN:
SF:src\api\client.js
FN:11,(anonymous_0)
FN:17,(anonymous_1)
FNF:2
FNH:1
FNDA:1,(anonymous_0)
FNDA:0,(anonymous_1)
DA:3,10
DA:4,10
DA:11,10
DA:12,1
DA:13,1
DA:14,0
DA:16,1
DA:17,0
LF:8
LH:6
BRDA:13,0,0,0
BRDA:13,0,1,1
BRF:2
BRH:1
end_of_record
TN:
SF:src\api\projects.js
FN:3,(anonymous_0)
FN:4,(anonymous_1)
FN:5,(anonymous_2)
FN:6,(anonymous_3)
FN:7,(anonymous_4)
FNF:5
FNH:5
FNDA:1,(anonymous_0)
FNDA:1,(anonymous_1)
FNDA:1,(anonymous_2)
FNDA:1,(anonymous_3)
FNDA:1,(anonymous_4)
DA:3,5
DA:4,5
DA:5,5
DA:6,5
DA:7,5
LF:5
LH:5
BRDA:3,0,0,1
BRDA:3,0,1,0
BRF:2
BRH:1
end_of_record
TN:
SF:src\api\tasks.js
FN:3,(anonymous_0)
FN:4,(anonymous_1)
FN:5,(anonymous_2)
FN:6,(anonymous_3)
FN:7,(anonymous_4)
FN:8,(anonymous_5)
FN:9,(anonymous_6)
FNF:7
FNH:7
FNDA:2,(anonymous_0)
FNDA:1,(anonymous_1)
FNDA:1,(anonymous_2)
FNDA:1,(anonymous_3)
FNDA:1,(anonymous_4)
FNDA:1,(anonymous_5)
FNDA:1,(anonymous_6)
DA:3,6
DA:4,6
DA:5,6
DA:6,6
DA:7,6
DA:8,6
DA:9,6
LF:7
LH:7
BRDA:3,0,0,2
BRDA:3,0,1,0
BRF:2
BRH:1
end_of_record
TN:
SF:src\components\Button.jsx
FN:1,Button
FNF:1
FNH:1
FNDA:21,Button
DA:3,21
LF:1
LH:1
BRDA:1,0,0,21
BRF:1
BRH:1
end_of_record
TN:
SF:src\components\FormModal.jsx
FN:3,FormModal
FNF:1
FNH:1
FNDA:10,FormModal
DA:5,10
DA:6,10
LF:2
LH:2
BRDA:10,0,0,2
BRDA:10,0,1,8
BRDA:12,1,0,10
BRDA:12,1,1,0
BRDA:19,2,0,2
BRDA:19,2,1,8
BRF:6
BRH:5
end_of_record
TN:
SF:src\components\Input.jsx
FN:3,Input
FNF:1
FNH:1
FNDA:40,Input
DA:2,6
DA:5,40
LF:2
LH:2
BRDA:3,0,0,32
BRDA:8,1,0,8
BRDA:8,1,1,32
BRDA:9,2,0,40
BRDA:9,2,1,0
BRF:5
BRH:4
end_of_record
TN:
SF:src\components\ProtectedRoute.jsx
FN:4,ProtectedRoute
FNF:1
FNH:1
FNDA:2,ProtectedRoute
DA:6,2
DA:8,2
DA:9,1
DA:11,1
DA:12,1
DA:13,1
DA:14,0
DA:15,0
DA:16,0
DA:17,0
DA:19,1
DA:23,0
DA:26,1
LF:13
LH:8
BRDA:8,0,0,1
BRDA:8,0,1,1
BRDA:9,1,0,1
BRDA:9,1,1,0
BRDA:9,2,0,1
BRDA:9,2,1,1
BRDA:13,3,0,0
BRDA:13,3,1,1
BRDA:13,4,0,1
BRDA:13,4,1,0
BRDA:19,5,0,0
BRDA:19,5,1,1
BRF:12
BRH:8
end_of_record
TN:
SF:src\components\Sidebar.jsx
FN:6,Sidebar
FN:11,load
FN:26,(anonymous_2)
FN:27,(anonymous_3)
FN:32,(anonymous_4)
FN:43,(anonymous_5)
FN:48,(anonymous_6)
FN:49,(anonymous_7)
FNF:8
FNH:6
FNDA:3,Sidebar
FNDA:1,load
FNDA:1,(anonymous_2)
FNDA:4,(anonymous_3)
FNDA:0,(anonymous_4)
FNDA:1,(anonymous_5)
FNDA:4,(anonymous_6)
FNDA:0,(anonymous_7)
DA:7,3
DA:8,3
DA:9,3
DA:10,3
DA:13,1
DA:14,1
DA:15,1
DA:16,1
DA:19,0
DA:22,1
DA:26,3
DA:27,4
DA:29,3
DA:32,0
DA:43,1
DA:49,4
LF:16
LH:14
BRDA:6,0,0,3
BRDA:36,1,0,0
BRDA:36,1,1,3
BRDA:39,2,0,3
BRDA:39,2,1,3
BRDA:47,3,0,1
BRDA:47,3,1,2
BRDA:49,4,0,2
BRDA:49,4,1,2
BRF:9
BRH:8
end_of_record
TN:
SF:src\components\TopNav.jsx
FN:6,TopNav
FN:10,(anonymous_1)
FNF:2
FNH:2
FNDA:4,TopNav
FNDA:4,(anonymous_1)
DA:8,4
DA:10,4
DA:11,4
DA:12,4
DA:15,4
LF:5
LH:5
BRDA:11,0,0,4
BRDA:11,0,1,0
BRDA:27,1,0,4
BRDA:27,1,1,1
BRF:4
BRH:3
end_of_record
TN:
SF:src\components\project_components\ProjectFormModal.jsx
FN:7,ProjectFormModal
FN:13,handleSubmit
FN:37,(anonymous_2)
FN:38,(anonymous_3)
FNF:4
FNH:3
FNDA:4,ProjectFormModal
FNDA:2,handleSubmit
FNDA:1,(anonymous_2)
FNDA:0,(anonymous_3)
DA:9,4
DA:10,4
DA:11,4
DA:15,2
DA:16,2
DA:17,2
DA:18,2
DA:19,1
DA:22,1
DA:24,2
DA:25,2
DA:28,0
DA:32,4
DA:37,1
DA:38,0
LF:15
LH:13
BRDA:9,0,0,4
BRDA:9,0,1,3
BRDA:10,1,0,4
BRDA:10,1,1,4
BRDA:18,2,0,1
BRDA:18,2,1,1
BRDA:28,3,0,0
BRDA:28,3,1,0
BRDA:28,3,2,0
BRF:9
BRH:6
end_of_record
TN:
SF:src\components\project_components\ProjectView.jsx
FN:10,ProjectView
FN:19,(anonymous_1)
FN:22,loadProject
FN:41,handleDelete
FN:72,(anonymous_4)
FN:72,(anonymous_5)
FN:76,(anonymous_6)
FN:77,(anonymous_7)
FN:79,(anonymous_8)
FNF:9
FNH:4
FNDA:6,ProjectView
FNDA:2,(anonymous_1)
FNDA:2,loadProject
FNDA:0,handleDelete
FNDA:0,(anonymous_4)
FNDA:1,(anonymous_5)
FNDA:0,(anonymous_6)
FNDA:0,(anonymous_7)
FNDA:0,(anonymous_8)
DA:12,6
DA:13,6
DA:14,6
DA:15,6
DA:16,6
DA:17,6
DA:19,6
DA:21,2
DA:24,2
DA:25,2
DA:26,2
DA:27,2
DA:31,0
DA:35,2
DA:38,2
DA:43,0
DA:44,0
DA:45,0
DA:46,0
DA:47,0
DA:48,0
DA:52,0
DA:55,6
DA:56,4
DA:57,2
DA:72,1
DA:76,0
DA:78,0
DA:79,0
LF:29
LH:18
BRDA:43,0,0,0
BRDA:43,0,1,0
BRDA:52,1,0,0
BRDA:52,1,1,0
BRDA:52,1,2,0
BRDA:55,2,0,4
BRDA:55,2,1,2
BRDA:55,3,0,6
BRDA:55,3,1,4
BRDA:73,4,0,2
BRDA:73,4,1,0
BRF:11
BRH:5
end_of_record
TN:
SF:src\components\task_components\TaskFormModal.jsx
FN:7,TaskFormModal
FN:14,handleSubmit
FN:42,(anonymous_2)
FN:43,(anonymous_3)
FN:44,(anonymous_4)
FN:45,(anonymous_5)
FNF:6
FNH:3
FNDA:7,TaskFormModal
FNDA:3,handleSubmit
FNDA:2,(anonymous_2)
FNDA:0,(anonymous_3)
FNDA:0,(anonymous_4)
FNDA:0,(anonymous_5)
DA:9,7
DA:10,7
DA:11,7
DA:12,7
DA:13,7
DA:16,3
DA:17,3
DA:18,3
DA:19,0
DA:20,0
DA:23,3
DA:24,3
DA:25,1
DA:28,2
DA:30,3
DA:31,3
DA:33,0
DA:37,7
DA:42,2
DA:43,0
DA:44,0
DA:45,0
LF:22
LH:16
BRDA:9,0,0,7
BRDA:9,0,1,6
BRDA:10,1,0,7
BRDA:10,1,1,7
BRDA:11,2,0,7
BRDA:11,2,1,7
BRDA:18,3,0,0
BRDA:18,3,1,3
BRDA:24,4,0,1
BRDA:24,4,1,2
BRDA:33,5,0,0
BRDA:33,5,1,0
BRDA:33,5,2,0
BRF:13
BRH:9
end_of_record
TN:
SF:src\components\task_components\TaskList.jsx
FN:6,TaskList
FN:11,loadTasks
FN:27,markComplete
FN:39,(anonymous_3)
FN:40,(anonymous_4)
FN:51,(anonymous_5)
FN:55,(anonymous_6)
FN:61,(anonymous_7)
FNF:8
FNH:7
FNDA:12,TaskList
FNDA:5,loadTasks
FNDA:3,markComplete
FNDA:5,(anonymous_3)
FNDA:3,(anonymous_4)
FNDA:0,(anonymous_5)
FNDA:3,(anonymous_6)
FNDA:3,(anonymous_7)
DA:7,12
DA:8,12
DA:9,12
DA:13,5
DA:14,5
DA:15,5
DA:16,4
DA:20,0
DA:24,4
DA:29,3
DA:30,3
DA:31,3
DA:35,0
DA:39,12
DA:40,12
DA:41,12
DA:51,0
DA:56,3
DA:61,3
LF:19
LH:16
BRDA:20,0,0,0
BRDA:20,0,1,0
BRDA:20,0,2,0
BRDA:35,1,0,0
BRDA:35,1,1,0
BRDA:35,1,2,0
BRDA:52,2,0,3
BRDA:52,2,1,9
BRDA:52,3,0,6
BRDA:52,3,1,3
BRDA:56,4,0,0
BRDA:56,4,1,3
BRDA:61,5,0,0
BRDA:61,5,1,3
BRF:14
BRH:6
end_of_record
TN:
SF:src\pages\LoginPage.jsx
FN:7,LoginPage
FN:16,handleSubmit
FN:52,(anonymous_2)
FN:53,(anonymous_3)
FN:58,(anonymous_4)
FNF:5
FNH:4
FNDA:9,LoginPage
FNDA:2,handleSubmit
FNDA:2,(anonymous_2)
FNDA:2,(anonymous_3)
FNDA:0,(anonymous_4)
DA:9,9
DA:13,9
DA:14,9
DA:18,2
DA:19,2
DA:20,2
DA:22,0
DA:23,0
DA:25,2
DA:26,2
DA:27,1
DA:28,1
DA:29,1
DA:30,1
DA:31,1
DA:32,0
DA:33,0
DA:37,1
DA:40,1
DA:44,9
DA:52,2
DA:53,2
DA:58,0
LF:23
LH:18
BRDA:20,0,0,0
BRDA:20,0,1,2
BRDA:20,1,0,2
BRDA:20,1,1,2
BRDA:28,2,0,0
BRDA:28,2,1,1
BRDA:32,3,0,0
BRDA:32,3,1,0
BRDA:33,4,0,0
BRDA:33,4,1,0
BRDA:40,5,0,1
BRDA:40,5,1,0
BRDA:40,5,2,0
BRDA:50,6,0,9
BRDA:50,6,1,1
BRF:15
BRH:7
end_of_record
